2019-11-22 00:39:26,515 WARN com.zaxxer.hikari.pool.HikariPool [HikariPool-1 housekeeper] HikariPool-1 - Thread starvation or clock leap detected (housekeeper delta=1h2m50s769ms673µs20ns).
2019-11-22 00:43:27,574 INFO com.careercitydashboard.Controller.CommonController [http-nio-8080-exec-9] last logged by10001111
2019-11-22 00:43:35,105 INFO com.careercitydashboard.Controller.CommonController [http-nio-8080-exec-9] last logged by10001111
2019-11-22 00:46:50,302 INFO com.careercitydashboard.Controller.CommonController [http-nio-8080-exec-8] last logged by10001111
2019-11-22 00:47:04,784 INFO com.careercitydashboard.Controller.CommonController [http-nio-8080-exec-2] last logged by10001111
2019-11-22 00:52:47,742 INFO org.springframework.boot.admin.SpringApplicationAdminMXBeanRegistrar$SpringApplicationAdmin [RMI TCP Connection(2)-127.0.0.1] Application shutdown requested.
2019-11-22 00:52:47,742 INFO org.springframework.boot.web.servlet.context.AnnotationConfigServletWebServerApplicationContext [RMI TCP Connection(2)-127.0.0.1] Closing org.springframework.boot.web.servlet.context.AnnotationConfigServletWebServerApplicationContext@787f475c: startup date [Thu Nov 21 21:15:18 CST 2019]; root of context hierarchy
2019-11-22 00:52:47,748 INFO org.springframework.orm.jpa.LocalContainerEntityManagerFactoryBean [RMI TCP Connection(2)-127.0.0.1] Closing JPA EntityManagerFactory for persistence unit 'default'
2019-11-22 00:52:47,750 INFO com.zaxxer.hikari.HikariDataSource [RMI TCP Connection(2)-127.0.0.1] HikariPool-1 - Shutdown initiated...
2019-11-22 00:52:47,753 INFO com.zaxxer.hikari.HikariDataSource [RMI TCP Connection(2)-127.0.0.1] HikariPool-1 - Shutdown completed.
2019-11-22 01:01:53,351 INFO com.careercitydashboard.CareerCityDashboardApplication [restartedMain] Starting CareerCityDashboardApplication on LD5CG120J06 with PID 5304 (C:\Users\x151393\Desktop\CCuranus\uranus-cc\target\classes started by x151393 in C:\Users\x151393\Desktop\CCuranus\uranus-cc)
2019-11-22 01:01:53,352 INFO com.careercitydashboard.CareerCityDashboardApplication [restartedMain] No active profile set, falling back to default profiles: default
2019-11-22 01:01:53,391 INFO org.springframework.boot.web.servlet.context.AnnotationConfigServletWebServerApplicationContext [restartedMain] Refreshing org.springframework.boot.web.servlet.context.AnnotationConfigServletWebServerApplicationContext@3cde688e: startup date [Fri Nov 22 01:01:53 CST 2019]; root of context hierarchy
2019-11-22 01:01:54,520 INFO org.springframework.context.support.PostProcessorRegistrationDelegate$BeanPostProcessorChecker [restartedMain] Bean 'org.springframework.ws.config.annotation.DelegatingWsConfiguration' of type [org.springframework.ws.config.annotation.DelegatingWsConfiguration$$EnhancerBySpringCGLIB$$e216d441] is not eligible for getting processed by all BeanPostProcessors (for example: not eligible for auto-proxying)
2019-11-22 01:01:54,547 INFO org.springframework.ws.soap.addressing.server.AnnotationActionEndpointMapping [restartedMain] Supporting [WS-Addressing August 2004, WS-Addressing 1.0]
2019-11-22 01:01:54,574 INFO org.springframework.context.support.PostProcessorRegistrationDelegate$BeanPostProcessorChecker [restartedMain] Bean 'org.springframework.transaction.annotation.ProxyTransactionManagementConfiguration' of type [org.springframework.transaction.annotation.ProxyTransactionManagementConfiguration$$EnhancerBySpringCGLIB$$3d7f0f42] is not eligible for getting processed by all BeanPostProcessors (for example: not eligible for auto-proxying)
2019-11-22 01:01:54,605 INFO org.springframework.context.support.PostProcessorRegistrationDelegate$BeanPostProcessorChecker [restartedMain] Bean 'org.springframework.security.config.annotation.configuration.ObjectPostProcessorConfiguration' of type [org.springframework.security.config.annotation.configuration.ObjectPostProcessorConfiguration$$EnhancerBySpringCGLIB$$d62cd77c] is not eligible for getting processed by all BeanPostProcessors (for example: not eligible for auto-proxying)
2019-11-22 01:01:54,611 INFO org.springframework.context.support.PostProcessorRegistrationDelegate$BeanPostProcessorChecker [restartedMain] Bean 'objectPostProcessor' of type [org.springframework.security.config.annotation.configuration.AutowireBeanFactoryObjectPostProcessor] is not eligible for getting processed by all BeanPostProcessors (for example: not eligible for auto-proxying)
2019-11-22 01:01:54,613 INFO org.springframework.context.support.PostProcessorRegistrationDelegate$BeanPostProcessorChecker [restartedMain] Bean 'org.springframework.security.access.expression.method.DefaultMethodSecurityExpressionHandler@4391b788' of type [org.springframework.security.access.expression.method.DefaultMethodSecurityExpressionHandler] is not eligible for getting processed by all BeanPostProcessors (for example: not eligible for auto-proxying)
2019-11-22 01:01:54,616 INFO org.springframework.context.support.PostProcessorRegistrationDelegate$BeanPostProcessorChecker [restartedMain] Bean 'org.springframework.security.config.annotation.method.configuration.GlobalMethodSecurityConfiguration' of type [org.springframework.security.config.annotation.method.configuration.GlobalMethodSecurityConfiguration$$EnhancerBySpringCGLIB$$fb017a2e] is not eligible for getting processed by all BeanPostProcessors (for example: not eligible for auto-proxying)
2019-11-22 01:01:54,623 INFO org.springframework.context.support.PostProcessorRegistrationDelegate$BeanPostProcessorChecker [restartedMain] Bean 'methodSecurityMetadataSource' of type [org.springframework.security.access.method.DelegatingMethodSecurityMetadataSource] is not eligible for getting processed by all BeanPostProcessors (for example: not eligible for auto-proxying)
2019-11-22 01:01:54,964 INFO org.springframework.boot.web.embedded.tomcat.TomcatWebServer [restartedMain] Tomcat initialized with port(s): 8080 (http)
2019-11-22 01:01:54,980 INFO org.apache.catalina.core.StandardService [restartedMain] Starting service [Tomcat]
2019-11-22 01:01:54,980 INFO org.apache.catalina.core.StandardEngine [restartedMain] Starting Servlet Engine: Apache Tomcat/8.5.32
2019-11-22 01:01:54,984 INFO org.apache.catalina.core.AprLifecycleListener [localhost-startStop-1] The APR based Apache Tomcat Native library which allows optimal performance in production environments was not found on the java.library.path: [C:\Program Files\Java\jdk1.8.0_221\bin;C:\Windows\Sun\Java\bin;C:\Windows\system32;C:\Windows;C:\Program Files (x86)\Common Files\Oracle\Java\javapath;C:\Windows\system32;C:\Windows;C:\Windows\System32\Wbem;C:\Windows\System32\WindowsPowerShell\v1.0\;C:\Program Files\Git\cmd;C:\Program Files\MySQL\MySQL Shell 8.0\bin\;C:\Program Files\Git\bin;.]
2019-11-22 01:01:55,071 INFO org.apache.catalina.core.ContainerBase.[Tomcat].[localhost].[/] [localhost-startStop-1] Initializing Spring embedded WebApplicationContext
2019-11-22 01:01:55,072 INFO org.springframework.web.context.ContextLoader [localhost-startStop-1] Root WebApplicationContext: initialization completed in 1681 ms
2019-11-22 01:01:55,184 INFO org.springframework.boot.web.servlet.FilterRegistrationBean [localhost-startStop-1] Mapping filter: 'characterEncodingFilter' to: [/*]
2019-11-22 01:01:55,184 INFO org.springframework.boot.web.servlet.FilterRegistrationBean [localhost-startStop-1] Mapping filter: 'hiddenHttpMethodFilter' to: [/*]
2019-11-22 01:01:55,184 INFO org.springframework.boot.web.servlet.FilterRegistrationBean [localhost-startStop-1] Mapping filter: 'httpPutFormContentFilter' to: [/*]
2019-11-22 01:01:55,184 INFO org.springframework.boot.web.servlet.FilterRegistrationBean [localhost-startStop-1] Mapping filter: 'requestContextFilter' to: [/*]
2019-11-22 01:01:55,186 INFO org.springframework.boot.web.servlet.DelegatingFilterProxyRegistrationBean [localhost-startStop-1] Mapping filter: 'springSecurityFilterChain' to: [/*]
2019-11-22 01:01:55,186 INFO org.springframework.boot.web.servlet.ServletRegistrationBean [localhost-startStop-1] Servlet dispatcherServlet mapped to [/]
2019-11-22 01:01:55,187 INFO org.springframework.boot.web.servlet.ServletRegistrationBean [localhost-startStop-1] Servlet messageDispatcherServlet mapped to [/services/*]
2019-11-22 01:01:55,210 WARN org.apache.catalina.core.ContainerBase.[Tomcat].[localhost].[/] [localhost-startStop-1] Cannot deserialize session attribute [SPRING_SECURITY_CONTEXT] for session [1F9F185CBB8087B3CD4D6087303785C4]
2019-11-22 01:01:55,346 INFO com.zaxxer.hikari.HikariDataSource [restartedMain] HikariPool-1 - Starting...
2019-11-22 01:01:56,907 INFO com.zaxxer.hikari.pool.PoolBase [restartedMain] HikariPool-1 - Driver does not support get/set network timeout for connections. (com.mysql.jdbc.JDBC4Connection.getNetworkTimeout()I)
2019-11-22 01:01:57,475 INFO com.zaxxer.hikari.HikariDataSource [restartedMain] HikariPool-1 - Start completed.
2019-11-22 01:01:57,654 INFO org.springframework.orm.jpa.LocalContainerEntityManagerFactoryBean [restartedMain] Building JPA container EntityManagerFactory for persistence unit 'default'
2019-11-22 01:01:57,663 INFO org.hibernate.jpa.internal.util.LogHelper [restartedMain] HHH000204: Processing PersistenceUnitInfo [
	name: default
	...]
2019-11-22 01:01:57,728 INFO org.hibernate.Version [restartedMain] HHH000412: Hibernate Core {5.2.17.Final}
2019-11-22 01:01:57,731 INFO org.hibernate.cfg.Environment [restartedMain] HHH000206: hibernate.properties not found
2019-11-22 01:01:57,789 INFO org.hibernate.annotations.common.Version [restartedMain] HCANN000001: Hibernate Commons Annotations {5.0.1.Final}
2019-11-22 01:01:57,916 INFO org.hibernate.dialect.Dialect [restartedMain] HHH000400: Using dialect: org.hibernate.dialect.MySQL5Dialect
2019-11-22 01:01:57,938 INFO org.hibernate.engine.jdbc.env.internal.LobCreatorBuilderImpl [restartedMain] HHH000423: Disabling contextual LOB creation as JDBC driver reported JDBC version [3] less than 4
2019-11-22 01:01:58,351 INFO org.springframework.orm.jpa.LocalContainerEntityManagerFactoryBean [restartedMain] Initialized JPA EntityManagerFactory for persistence unit 'default'
2019-11-22 01:01:59,500 INFO org.springframework.security.web.DefaultSecurityFilterChain [restartedMain] Creating filter chain: org.springframework.security.web.util.matcher.AnyRequestMatcher@1, [org.springframework.security.web.context.request.async.WebAsyncManagerIntegrationFilter@1bb24154, org.springframework.security.web.context.SecurityContextPersistenceFilter@7e2eaccd, org.springframework.security.web.header.HeaderWriterFilter@56b60911, org.springframework.security.web.authentication.logout.LogoutFilter@20baf894, org.springframework.security.web.authentication.UsernamePasswordAuthenticationFilter@3332d10, org.springframework.security.web.authentication.ui.DefaultLoginPageGeneratingFilter@64fb4b37, org.springframework.security.web.savedrequest.RequestCacheAwareFilter@100a54ab, org.springframework.security.web.servletapi.SecurityContextHolderAwareRequestFilter@1a7b3397, org.springframework.security.web.authentication.AnonymousAuthenticationFilter@50722d17, org.springframework.security.web.session.SessionManagementFilter@60a92251, org.springframework.security.web.access.ExceptionTranslationFilter@614e90d8, org.springframework.security.web.access.intercept.FilterSecurityInterceptor@e46576f]
2019-11-22 01:01:59,620 INFO org.springframework.web.servlet.handler.SimpleUrlHandlerMapping [restartedMain] Mapped URL path [/**/favicon.ico] onto handler of type [class org.springframework.web.servlet.resource.ResourceHttpRequestHandler]
2019-11-22 01:01:59,805 INFO org.springframework.web.servlet.mvc.method.annotation.RequestMappingHandlerAdapter [restartedMain] Looking for @ControllerAdvice: org.springframework.boot.web.servlet.context.AnnotationConfigServletWebServerApplicationContext@3cde688e: startup date [Fri Nov 22 01:01:53 CST 2019]; root of context hierarchy
2019-11-22 01:01:59,857 WARN org.springframework.boot.autoconfigure.orm.jpa.JpaBaseConfiguration$JpaWebConfiguration$JpaWebMvcConfiguration [restartedMain] spring.jpa.open-in-view is enabled by default. Therefore, database queries may be performed during view rendering. Explicitly configure spring.jpa.open-in-view to disable this warning
2019-11-22 01:01:59,903 INFO org.springframework.web.servlet.mvc.method.annotation.RequestMappingHandlerMapping [restartedMain] Mapped "{[/]}" onto public java.lang.String com.careercitydashboard.Controller.CommonController.index(org.springframework.ui.Model)
2019-11-22 01:01:59,904 INFO org.springframework.web.servlet.mvc.method.annotation.RequestMappingHandlerMapping [restartedMain] Mapped "{[/addaccount],methods=[POST]}" onto public java.lang.String com.careercitydashboard.Controller.CommonController.addAccount(com.careercitydashboard.Model.Account)
2019-11-22 01:01:59,904 INFO org.springframework.web.servlet.mvc.method.annotation.RequestMappingHandlerMapping [restartedMain] Mapped "{[/updateaccount],methods=[POST]}" onto public java.lang.String com.careercitydashboard.Controller.CommonController.updateAccount(com.careercitydashboard.Model.Account,org.springframework.web.multipart.MultipartFile)
2019-11-22 01:01:59,904 INFO org.springframework.web.servlet.mvc.method.annotation.RequestMappingHandlerMapping [restartedMain] Mapped "{[/updateposition],methods=[POST]}" onto public java.lang.String com.careercitydashboard.Controller.CommonController.updatePosition(com.careercitydashboard.Model.Position,org.springframework.web.multipart.MultipartFile)
2019-11-22 01:01:59,905 INFO org.springframework.web.servlet.mvc.method.annotation.RequestMappingHandlerMapping [restartedMain] Mapped "{[/addposition],methods=[POST]}" onto public java.lang.String com.careercitydashboard.Controller.CommonController.addPosition(com.careercitydashboard.Model.Position)
2019-11-22 01:01:59,905 INFO org.springframework.web.servlet.mvc.method.annotation.RequestMappingHandlerMapping [restartedMain] Mapped "{[/sites],methods=[GET]}" onto public java.lang.String com.careercitydashboard.Controller.CommonController.listOfAllSites(org.springframework.ui.Model)
2019-11-22 01:01:59,905 INFO org.springframework.web.servlet.mvc.method.annotation.RequestMappingHandlerMapping [restartedMain] Mapped "{[/addnewsite],methods=[POST]}" onto public java.lang.String com.careercitydashboard.Controller.CommonController.addNewSite(com.careercitydashboard.Model.Site)
2019-11-22 01:01:59,905 INFO org.springframework.web.servlet.mvc.method.annotation.RequestMappingHandlerMapping [restartedMain] Mapped "{[/deletesite],methods=[POST]}" onto public java.lang.String com.careercitydashboard.Controller.CommonController.deleteSite(java.lang.Integer)
2019-11-22 01:01:59,905 INFO org.springframework.web.servlet.mvc.method.annotation.RequestMappingHandlerMapping [restartedMain] Mapped "{[/imagewindow],methods=[GET]}" onto public java.lang.String com.careercitydashboard.Controller.CommonController.allImageList(org.springframework.ui.Model) throws java.io.IOException
2019-11-22 01:01:59,905 INFO org.springframework.web.servlet.mvc.method.annotation.RequestMappingHandlerMapping [restartedMain] Mapped "{[/allusers],methods=[GET]}" onto public java.lang.String com.careercitydashboard.Controller.CommonController.allUserList(org.springframework.ui.Model)
2019-11-22 01:01:59,906 INFO org.springframework.web.servlet.mvc.method.annotation.RequestMappingHandlerMapping [restartedMain] Mapped "{[/adduser],methods=[POST]}" onto public java.lang.String com.careercitydashboard.Controller.CommonController.Users(com.careercitydashboard.Model.Users)
2019-11-22 01:01:59,906 INFO org.springframework.web.servlet.mvc.method.annotation.RequestMappingHandlerMapping [restartedMain] Mapped "{[/edituser],methods=[POST]}" onto public java.lang.String com.careercitydashboard.Controller.CommonController.editUser(com.careercitydashboard.Model.Users)
2019-11-22 01:01:59,906 INFO org.springframework.web.servlet.mvc.method.annotation.RequestMappingHandlerMapping [restartedMain] Mapped "{[/listaccount],methods=[GET]}" onto public java.lang.String com.careercitydashboard.Controller.CommonController.listofallAccounts(org.springframework.ui.Model) throws java.io.IOException
2019-11-22 01:01:59,906 INFO org.springframework.web.servlet.mvc.method.annotation.RequestMappingHandlerMapping [restartedMain] Mapped "{[/accountmaps/{id}],methods=[GET]}" onto public java.lang.String com.careercitydashboard.Controller.CommonController.getaccountmapbyId(java.lang.Integer,org.springframework.ui.Model)
2019-11-22 01:01:59,906 INFO org.springframework.web.servlet.mvc.method.annotation.RequestMappingHandlerMapping [restartedMain] Mapped "{[/addaccountanswers],methods=[POST]}" onto public java.lang.String com.careercitydashboard.Controller.CommonController.addAccountMapping(com.careercitydashboard.Model.AccountAnswers)
2019-11-22 01:01:59,906 INFO org.springframework.web.servlet.mvc.method.annotation.RequestMappingHandlerMapping [restartedMain] Mapped "{[/deleteaccountmap],methods=[POST]}" onto public java.lang.String com.careercitydashboard.Controller.CommonController.deleteAccountMapping(java.lang.Integer,java.lang.Integer)
2019-11-22 01:01:59,907 INFO org.springframework.web.servlet.mvc.method.annotation.RequestMappingHandlerMapping [restartedMain] Mapped "{[/listposition],methods=[GET]}" onto public java.lang.String com.careercitydashboard.Controller.CommonController.listofallPositions(org.springframework.ui.Model) throws java.io.IOException
2019-11-22 01:01:59,907 INFO org.springframework.web.servlet.mvc.method.annotation.RequestMappingHandlerMapping [restartedMain] Mapped "{[/positionmaps/{id}],methods=[GET]}" onto public java.lang.String com.careercitydashboard.Controller.CommonController.getPositionMapById(java.lang.Integer,org.springframework.ui.Model)
2019-11-22 01:01:59,907 INFO org.springframework.web.servlet.mvc.method.annotation.RequestMappingHandlerMapping [restartedMain] Mapped "{[/addpositionanswers],methods=[POST]}" onto public java.lang.String com.careercitydashboard.Controller.CommonController.addPositionMapping(com.careercitydashboard.Model.PositionAnswers)
2019-11-22 01:01:59,907 INFO org.springframework.web.servlet.mvc.method.annotation.RequestMappingHandlerMapping [restartedMain] Mapped "{[/deletepositionmap],methods=[POST]}" onto public java.lang.String com.careercitydashboard.Controller.CommonController.deletePositionMapping(java.lang.Integer,java.lang.Integer)
2019-11-22 01:01:59,909 INFO org.springframework.web.servlet.mvc.method.annotation.RequestMappingHandlerMapping [restartedMain] Mapped "{[/accounts],methods=[GET]}" onto public java.util.List<com.careercitydashboard.Model.Account> com.careercitydashboard.Controller.DataController.getallAccounts()
2019-11-22 01:01:59,910 INFO org.springframework.web.servlet.mvc.method.annotation.RequestMappingHandlerMapping [restartedMain] Mapped "{[/positions],methods=[GET]}" onto public java.util.List<com.careercitydashboard.Model.Position> com.careercitydashboard.Controller.DataController.getallPositions()
2019-11-22 01:01:59,910 INFO org.springframework.web.servlet.mvc.method.annotation.RequestMappingHandlerMapping [restartedMain] Mapped "{[/imagelist],methods=[GET]}" onto public java.util.List<java.lang.String> com.careercitydashboard.Controller.DataController.getAllImage() throws java.io.IOException
2019-11-22 01:01:59,910 INFO org.springframework.web.servlet.mvc.method.annotation.RequestMappingHandlerMapping [restartedMain] Mapped "{[/userlist],methods=[GET]}" onto public java.util.List<com.careercitydashboard.Model.Users> com.careercitydashboard.Controller.DataController.getAllUsers()
2019-11-22 01:01:59,911 INFO org.springframework.web.servlet.mvc.method.annotation.RequestMappingHandlerMapping [restartedMain] Mapped "{[/questions],methods=[GET]}" onto public java.util.List<com.careercitydashboard.Model.Questions> com.careercitydashboard.Controller.DataController.getallQuestions()
2019-11-22 01:01:59,911 INFO org.springframework.web.servlet.mvc.method.annotation.RequestMappingHandlerMapping [restartedMain] Mapped "{[/answers],methods=[GET]}" onto public java.util.List<com.careercitydashboard.Model.Answer> com.careercitydashboard.Controller.DataController.getallAnswers()
2019-11-22 01:01:59,911 INFO org.springframework.web.servlet.mvc.method.annotation.RequestMappingHandlerMapping [restartedMain] Mapped "{[/whosloggedin],methods=[GET]}" onto public java.lang.String com.careercitydashboard.Controller.DataController.userLoggedIn()
2019-11-22 01:01:59,912 INFO org.springframework.web.servlet.mvc.method.annotation.RequestMappingHandlerMapping [restartedMain] Mapped "{[/accountmap/{id}],methods=[GET]}" onto public com.careercitydashboard.Model.Account com.careercitydashboard.Controller.DataController.getaccountmapbyId(java.lang.Integer)
2019-11-22 01:01:59,912 INFO org.springframework.web.servlet.mvc.method.annotation.RequestMappingHandlerMapping [restartedMain] Mapped "{[/accountanswers],methods=[GET]}" onto public java.util.List<com.careercitydashboard.Model.AccountAnswers> com.careercitydashboard.Controller.DataController.getallAccountAnswers()
2019-11-22 01:01:59,912 INFO org.springframework.web.servlet.mvc.method.annotation.RequestMappingHandlerMapping [restartedMain] Mapped "{[/sitelist],methods=[GET]}" onto public java.util.List<com.careercitydashboard.Model.Site> com.careercitydashboard.Controller.DataController.getAllSiteListJson()
2019-11-22 01:01:59,913 INFO org.springframework.web.servlet.mvc.method.annotation.RequestMappingHandlerMapping [restartedMain] Mapped "{[/upload],methods=[POST]}" onto public java.lang.String com.careercitydashboard.Controller.UploadController.singleFileUpload(org.springframework.web.multipart.MultipartFile,org.springframework.web.servlet.mvc.support.RedirectAttributes)
2019-11-22 01:01:59,913 INFO org.springframework.web.servlet.mvc.method.annotation.RequestMappingHandlerMapping [restartedMain] Mapped "{[/uploadpage],methods=[GET]}" onto public java.lang.String com.careercitydashboard.Controller.UploadController.gotouploadpage()
2019-11-22 01:01:59,914 INFO org.springframework.web.servlet.mvc.method.annotation.RequestMappingHandlerMapping [restartedMain] Mapped "{[/uploadImage],methods=[POST]}" onto public java.lang.String com.careercitydashboard.Controller.UploadController.singeImageUpload(org.springframework.web.multipart.MultipartFile)
2019-11-22 01:01:59,914 INFO org.springframework.web.servlet.mvc.method.annotation.RequestMappingHandlerMapping [restartedMain] Mapped "{[/uploadStatus],methods=[GET]}" onto public java.lang.String com.careercitydashboard.Controller.UploadController.uploadStatus()
2019-11-22 01:01:59,916 INFO org.springframework.web.servlet.mvc.method.annotation.RequestMappingHandlerMapping [restartedMain] Mapped "{[/error]}" onto public org.springframework.http.ResponseEntity<java.util.Map<java.lang.String, java.lang.Object>> org.springframework.boot.autoconfigure.web.servlet.error.BasicErrorController.error(javax.servlet.http.HttpServletRequest)
2019-11-22 01:01:59,916 INFO org.springframework.web.servlet.mvc.method.annotation.RequestMappingHandlerMapping [restartedMain] Mapped "{[/error],produces=[text/html]}" onto public org.springframework.web.servlet.ModelAndView org.springframework.boot.autoconfigure.web.servlet.error.BasicErrorController.errorHtml(javax.servlet.http.HttpServletRequest,javax.servlet.http.HttpServletResponse)
2019-11-22 01:01:59,946 INFO org.springframework.web.servlet.handler.SimpleUrlHandlerMapping [restartedMain] Mapped URL path [/webjars/**] onto handler of type [class org.springframework.web.servlet.resource.ResourceHttpRequestHandler]
2019-11-22 01:01:59,946 INFO org.springframework.web.servlet.handler.SimpleUrlHandlerMapping [restartedMain] Mapped URL path [/**] onto handler of type [class org.springframework.web.servlet.resource.ResourceHttpRequestHandler]
2019-11-22 01:01:59,963 INFO org.springframework.web.servlet.mvc.method.annotation.ExceptionHandlerExceptionResolver [restartedMain] Detected @ExceptionHandler methods in globalExceptionHandler
2019-11-22 01:02:00,061 INFO org.springframework.boot.autoconfigure.web.servlet.WelcomePageHandlerMapping [restartedMain] Adding welcome page template: index
2019-11-22 01:02:00,308 INFO org.springframework.boot.devtools.autoconfigure.OptionalLiveReloadServer [restartedMain] LiveReload server is running on port 35729
2019-11-22 01:02:00,366 INFO org.springframework.boot.web.embedded.tomcat.TomcatWebServer [restartedMain] Tomcat started on port(s): 8080 (http) with context path ''
2019-11-22 01:02:00,369 INFO com.careercitydashboard.CareerCityDashboardApplication [restartedMain] Started CareerCityDashboardApplication in 7.281 seconds (JVM running for 7.943)
2019-11-22 01:03:49,341 INFO org.apache.catalina.core.ContainerBase.[Tomcat].[localhost].[/] [http-nio-8080-exec-1] Initializing Spring FrameworkServlet 'dispatcherServlet'
2019-11-22 01:03:49,342 INFO org.springframework.web.servlet.DispatcherServlet [http-nio-8080-exec-1] FrameworkServlet 'dispatcherServlet': initialization started
2019-11-22 01:03:49,359 INFO org.springframework.web.servlet.DispatcherServlet [http-nio-8080-exec-1] FrameworkServlet 'dispatcherServlet': initialization completed in 17 ms
2019-11-22 01:03:57,584 INFO org.hibernate.hql.internal.QueryTranslatorFactoryInitiator [http-nio-8080-exec-3] HHH000397: Using ASTQueryTranslatorFactory
2019-11-22 01:03:58,574 INFO com.careercitydashboard.Controller.CommonController [http-nio-8080-exec-4] last logged by10001111
2019-11-22 01:04:01,575 INFO com.careercitydashboard.Controller.CommonController [http-nio-8080-exec-4] last logged by10001111
2019-11-22 01:04:33,146 INFO com.careercitydashboard.Controller.CommonController [http-nio-8080-exec-9] last logged by10001111
2019-11-22 01:14:30,651 INFO com.careercitydashboard.Controller.CommonController [http-nio-8080-exec-5] last logged by10001111
2019-11-22 01:20:22,559 INFO com.careercitydashboard.Controller.CommonController [http-nio-8080-exec-8] last logged by10001111
2019-11-22 01:25:28,140 INFO com.careercitydashboard.Controller.CommonController [http-nio-8080-exec-7] last logged by10001111
2019-11-22 01:25:50,444 INFO com.careercitydashboard.Controller.CommonController [http-nio-8080-exec-7] last logged by10001111
2019-11-22 01:26:36,026 ERROR org.apache.catalina.core.ContainerBase.[Tomcat].[localhost].[/].[dispatcherServlet] [http-nio-8080-exec-3] Servlet.service() for servlet [dispatcherServlet] in context with path [] threw exception [Request processing failed; nested exception is java.lang.NullPointerException] with root cause
java.lang.NullPointerException: null
	at com.careercitydashboard.util.ShowImageList.getAllImage(ShowImageList.java:22)
	at com.careercitydashboard.Controller.CommonController.allImageList(CommonController.java:228)
	at sun.reflect.NativeMethodAccessorImpl.invoke0(Native Method)
	at sun.reflect.NativeMethodAccessorImpl.invoke(NativeMethodAccessorImpl.java:62)
	at sun.reflect.DelegatingMethodAccessorImpl.invoke(DelegatingMethodAccessorImpl.java:43)
	at java.lang.reflect.Method.invoke(Method.java:498)
	at org.springframework.web.method.support.InvocableHandlerMethod.doInvoke(InvocableHandlerMethod.java:209)
	at org.springframework.web.method.support.InvocableHandlerMethod.invokeForRequest(InvocableHandlerMethod.java:136)
	at org.springframework.web.servlet.mvc.method.annotation.ServletInvocableHandlerMethod.invokeAndHandle(ServletInvocableHandlerMethod.java:102)
	at org.springframework.web.servlet.mvc.method.annotation.RequestMappingHandlerAdapter.invokeHandlerMethod(RequestMappingHandlerAdapter.java:877)
	at org.springframework.web.servlet.mvc.method.annotation.RequestMappingHandlerAdapter.handleInternal(RequestMappingHandlerAdapter.java:783)
	at org.springframework.web.servlet.mvc.method.AbstractHandlerMethodAdapter.handle(AbstractHandlerMethodAdapter.java:87)
	at org.springframework.web.servlet.DispatcherServlet.doDispatch(DispatcherServlet.java:991)
	at org.springframework.web.servlet.DispatcherServlet.doService(DispatcherServlet.java:925)
	at org.springframework.web.servlet.FrameworkServlet.processRequest(FrameworkServlet.java:974)
	at org.springframework.web.servlet.FrameworkServlet.doGet(FrameworkServlet.java:866)
	at javax.servlet.http.HttpServlet.service(HttpServlet.java:635)
	at org.springframework.web.servlet.FrameworkServlet.service(FrameworkServlet.java:851)
	at javax.servlet.http.HttpServlet.service(HttpServlet.java:742)
	at org.apache.catalina.core.ApplicationFilterChain.internalDoFilter(ApplicationFilterChain.java:231)
	at org.apache.catalina.core.ApplicationFilterChain.doFilter(ApplicationFilterChain.java:166)
	at org.apache.tomcat.websocket.server.WsFilter.doFilter(WsFilter.java:52)
	at org.apache.catalina.core.ApplicationFilterChain.internalDoFilter(ApplicationFilterChain.java:193)
	at org.apache.catalina.core.ApplicationFilterChain.doFilter(ApplicationFilterChain.java:166)
	at org.springframework.security.web.FilterChainProxy$VirtualFilterChain.doFilter(FilterChainProxy.java:320)
	at org.springframework.security.web.access.intercept.FilterSecurityInterceptor.invoke(FilterSecurityInterceptor.java:127)
	at org.springframework.security.web.access.intercept.FilterSecurityInterceptor.doFilter(FilterSecurityInterceptor.java:91)
	at org.springframework.security.web.FilterChainProxy$VirtualFilterChain.doFilter(FilterChainProxy.java:334)
	at org.springframework.security.web.access.ExceptionTranslationFilter.doFilter(ExceptionTranslationFilter.java:119)
	at org.springframework.security.web.FilterChainProxy$VirtualFilterChain.doFilter(FilterChainProxy.java:334)
	at org.springframework.security.web.session.SessionManagementFilter.doFilter(SessionManagementFilter.java:137)
	at org.springframework.security.web.FilterChainProxy$VirtualFilterChain.doFilter(FilterChainProxy.java:334)
	at org.springframework.security.web.authentication.AnonymousAuthenticationFilter.doFilter(AnonymousAuthenticationFilter.java:111)
	at org.springframework.security.web.FilterChainProxy$VirtualFilterChain.doFilter(FilterChainProxy.java:334)
	at org.springframework.security.web.servletapi.SecurityContextHolderAwareRequestFilter.doFilter(SecurityContextHolderAwareRequestFilter.java:170)
	at org.springframework.security.web.FilterChainProxy$VirtualFilterChain.doFilter(FilterChainProxy.java:334)
	at org.springframework.security.web.savedrequest.RequestCacheAwareFilter.doFilter(RequestCacheAwareFilter.java:63)
	at org.springframework.security.web.FilterChainProxy$VirtualFilterChain.doFilter(FilterChainProxy.java:334)
	at org.springframework.security.web.authentication.ui.DefaultLoginPageGeneratingFilter.doFilter(DefaultLoginPageGeneratingFilter.java:206)
	at org.springframework.security.web.FilterChainProxy$VirtualFilterChain.doFilter(FilterChainProxy.java:334)
	at org.springframework.security.web.authentication.AbstractAuthenticationProcessingFilter.doFilter(AbstractAuthenticationProcessingFilter.java:200)
	at org.springframework.security.web.FilterChainProxy$VirtualFilterChain.doFilter(FilterChainProxy.java:334)
	at org.springframework.security.web.authentication.logout.LogoutFilter.doFilter(LogoutFilter.java:116)
	at org.springframework.security.web.FilterChainProxy$VirtualFilterChain.doFilter(FilterChainProxy.java:334)
	at org.springframework.security.web.header.HeaderWriterFilter.doFilterInternal(HeaderWriterFilter.java:66)
	at org.springframework.web.filter.OncePerRequestFilter.doFilter(OncePerRequestFilter.java:107)
	at org.springframework.security.web.FilterChainProxy$VirtualFilterChain.doFilter(FilterChainProxy.java:334)
	at org.springframework.security.web.context.SecurityContextPersistenceFilter.doFilter(SecurityContextPersistenceFilter.java:105)
	at org.springframework.security.web.FilterChainProxy$VirtualFilterChain.doFilter(FilterChainProxy.java:334)
	at org.springframework.security.web.context.request.async.WebAsyncManagerIntegrationFilter.doFilterInternal(WebAsyncManagerIntegrationFilter.java:56)
	at org.springframework.web.filter.OncePerRequestFilter.doFilter(OncePerRequestFilter.java:107)
	at org.springframework.security.web.FilterChainProxy$VirtualFilterChain.doFilter(FilterChainProxy.java:334)
	at org.springframework.security.web.FilterChainProxy.doFilterInternal(FilterChainProxy.java:215)
	at org.springframework.security.web.FilterChainProxy.doFilter(FilterChainProxy.java:178)
	at org.springframework.web.filter.DelegatingFilterProxy.invokeDelegate(DelegatingFilterProxy.java:357)
	at org.springframework.web.filter.DelegatingFilterProxy.doFilter(DelegatingFilterProxy.java:270)
	at org.apache.catalina.core.ApplicationFilterChain.internalDoFilter(ApplicationFilterChain.java:193)
	at org.apache.catalina.core.ApplicationFilterChain.doFilter(ApplicationFilterChain.java:166)
	at org.springframework.web.filter.RequestContextFilter.doFilterInternal(RequestContextFilter.java:99)
	at org.springframework.web.filter.OncePerRequestFilter.doFilter(OncePerRequestFilter.java:107)
	at org.apache.catalina.core.ApplicationFilterChain.internalDoFilter(ApplicationFilterChain.java:193)
	at org.apache.catalina.core.ApplicationFilterChain.doFilter(ApplicationFilterChain.java:166)
	at org.springframework.web.filter.HttpPutFormContentFilter.doFilterInternal(HttpPutFormContentFilter.java:109)
	at org.springframework.web.filter.OncePerRequestFilter.doFilter(OncePerRequestFilter.java:107)
	at org.apache.catalina.core.ApplicationFilterChain.internalDoFilter(ApplicationFilterChain.java:193)
	at org.apache.catalina.core.ApplicationFilterChain.doFilter(ApplicationFilterChain.java:166)
	at org.springframework.web.filter.HiddenHttpMethodFilter.doFilterInternal(HiddenHttpMethodFilter.java:93)
	at org.springframework.web.filter.OncePerRequestFilter.doFilter(OncePerRequestFilter.java:107)
	at org.apache.catalina.core.ApplicationFilterChain.internalDoFilter(ApplicationFilterChain.java:193)
	at org.apache.catalina.core.ApplicationFilterChain.doFilter(ApplicationFilterChain.java:166)
	at org.springframework.web.filter.CharacterEncodingFilter.doFilterInternal(CharacterEncodingFilter.java:200)
	at org.springframework.web.filter.OncePerRequestFilter.doFilter(OncePerRequestFilter.java:107)
	at org.apache.catalina.core.ApplicationFilterChain.internalDoFilter(ApplicationFilterChain.java:193)
	at org.apache.catalina.core.ApplicationFilterChain.doFilter(ApplicationFilterChain.java:166)
	at org.apache.catalina.core.StandardWrapperValve.invoke(StandardWrapperValve.java:198)
	at org.apache.catalina.core.StandardContextValve.invoke(StandardContextValve.java:96)
	at org.apache.catalina.authenticator.AuthenticatorBase.invoke(AuthenticatorBase.java:493)
	at org.apache.catalina.core.StandardHostValve.invoke(StandardHostValve.java:140)
	at org.apache.catalina.valves.ErrorReportValve.invoke(ErrorReportValve.java:81)
	at org.apache.catalina.core.StandardEngineValve.invoke(StandardEngineValve.java:87)
	at org.apache.catalina.connector.CoyoteAdapter.service(CoyoteAdapter.java:342)
	at org.apache.coyote.http11.Http11Processor.service(Http11Processor.java:800)
	at org.apache.coyote.AbstractProcessorLight.process(AbstractProcessorLight.java:66)
	at org.apache.coyote.AbstractProtocol$ConnectionHandler.process(AbstractProtocol.java:800)
	at org.apache.tomcat.util.net.NioEndpoint$SocketProcessor.doRun(NioEndpoint.java:1471)
	at org.apache.tomcat.util.net.SocketProcessorBase.run(SocketProcessorBase.java:49)
	at java.util.concurrent.ThreadPoolExecutor.runWorker(ThreadPoolExecutor.java:1149)
	at java.util.concurrent.ThreadPoolExecutor$Worker.run(ThreadPoolExecutor.java:624)
	at org.apache.tomcat.util.threads.TaskThread$WrappingRunnable.run(TaskThread.java:61)
	at java.lang.Thread.run(Thread.java:748)
2019-11-22 01:26:47,968 INFO com.careercitydashboard.Controller.CommonController [http-nio-8080-exec-10] last logged by10001111
2019-11-22 01:26:58,478 INFO com.careercitydashboard.Controller.CommonController [http-nio-8080-exec-5] last logged by10001111
2019-11-22 01:27:34,749 INFO com.careercitydashboard.Controller.CommonController [http-nio-8080-exec-8] last logged by10001111
2019-11-22 01:28:47,498 INFO com.careercitydashboard.Controller.CommonController [http-nio-8080-exec-2] last logged by10001111
2019-11-22 01:31:54,407 INFO com.careercitydashboard.Controller.CommonController [http-nio-8080-exec-6] last logged by10001111
2019-11-22 01:34:51,735 INFO com.careercitydashboard.Controller.CommonController [http-nio-8080-exec-5] last logged by10001111
2019-11-22 01:35:44,624 INFO com.careercitydashboard.Controller.CommonController [http-nio-8080-exec-7] last logged by10001111
2019-11-22 01:40:41,320 INFO com.careercitydashboard.Controller.CommonController [http-nio-8080-exec-8] last logged by10001111
2019-11-22 01:41:07,278 INFO com.careercitydashboard.Controller.CommonController [http-nio-8080-exec-9] last logged by10001111
2019-11-22 01:46:38,476 INFO com.careercitydashboard.Controller.CommonController [http-nio-8080-exec-2] last logged by10001111
2019-11-22 02:13:19,448 INFO com.careercitydashboard.Controller.CommonController [http-nio-8080-exec-3] last logged by10001111
2019-11-22 02:52:10,556 WARN com.zaxxer.hikari.pool.HikariPool [HikariPool-1 housekeeper] HikariPool-1 - Thread starvation or clock leap detected (housekeeper delta=3m13s127ms552µs11ns).
2019-11-22 03:04:43,179 INFO org.springframework.boot.admin.SpringApplicationAdminMXBeanRegistrar$SpringApplicationAdmin [RMI TCP Connection(2)-127.0.0.1] Application shutdown requested.
2019-11-22 03:04:43,180 INFO org.springframework.boot.web.servlet.context.AnnotationConfigServletWebServerApplicationContext [RMI TCP Connection(2)-127.0.0.1] Closing org.springframework.boot.web.servlet.context.AnnotationConfigServletWebServerApplicationContext@3cde688e: startup date [Fri Nov 22 01:01:53 CST 2019]; root of context hierarchy
2019-11-22 03:04:43,186 INFO org.springframework.orm.jpa.LocalContainerEntityManagerFactoryBean [RMI TCP Connection(2)-127.0.0.1] Closing JPA EntityManagerFactory for persistence unit 'default'
2019-11-22 03:04:43,188 INFO com.zaxxer.hikari.HikariDataSource [RMI TCP Connection(2)-127.0.0.1] HikariPool-1 - Shutdown initiated...
2019-11-22 03:04:43,192 INFO com.zaxxer.hikari.HikariDataSource [RMI TCP Connection(2)-127.0.0.1] HikariPool-1 - Shutdown completed.
